<?xml version="1.0" encoding="UTF-8"?>
<testng-results skipped="0" failed="0" total="1" passed="1">
  <reporter-output>
  </reporter-output>
  <suite name="Default suite" duration-ms="2728" started-at="2021-08-12T13:16:14Z" finished-at="2021-08-12T13:16:16Z">
    <groups>
    </groups>
    <test name="Default test" duration-ms="2728" started-at="2021-08-12T13:16:14Z" finished-at="2021-08-12T13:16:16Z">
      <class name="com.utility.ExcelUtils">
        <test-method status="PASS" signature="unitTesting()[pri:0, instance:com.utility.ExcelUtils@6a4f787b]" name="unitTesting" duration-ms="2682" started-at="2021-08-12T18:46:14Z" finished-at="2021-08-12T18:46:16Z">
          <reporter-output>
          </reporter-output>
        </test-method> <!-- unitTesting -->
      </class> <!-- com.utility.ExcelUtils -->
    </test> <!-- Default test -->
  </suite> <!-- Default suite -->
</testng-results>
